[2026-07-08 06:33:34,086][src.utils.utils][INFO] - [rank: 0] Enforcing tags! <cfg.extras.enforce_tags=True>
[2026-07-08 06:33:34,090][src.utils.utils][INFO] - [rank: 0] Printing config tree with Rich! <cfg.extras.print_config=True>
[2026-07-08 06:33:34,205][__main__][INFO] - [rank: 0] Instantiating datamodule <src.data.cs_datamodule.CSDataModule>
[2026-07-08 06:33:34,216][__main__][INFO] - [rank: 0] Instantiating model <src.models.yolo_module.YoloLightningAdapter>
[2026-07-08 06:33:34,347][__main__][INFO] - [rank: 0] Instantiating callbacks...
[2026-07-08 06:33:34,347][src.utils.instantiators][INFO] - [rank: 0] Instantiating callback <lightning.pytorch.callbacks.ModelCheckpoint>
[2026-07-08 06:33:34,348][src.utils.instantiators][INFO] - [rank: 0] Instantiating callback <lightning.pytorch.callbacks.EarlyStopping>
[2026-07-08 06:33:34,349][src.utils.instantiators][INFO] - [rank: 0] Instantiating callback <lightning.pytorch.callbacks.RichModelSummary>
[2026-07-08 06:33:34,349][src.utils.instantiators][INFO] - [rank: 0] Instantiating callback <lightning.pytorch.callbacks.RichProgressBar>
[2026-07-08 06:33:34,350][__main__][INFO] - [rank: 0] Instantiating loggers...
[2026-07-08 06:33:34,350][src.utils.instantiators][INFO] - [rank: 0] Instantiating logger <lightning.pytorch.loggers.tensorboard.TensorBoardLogger>
[2026-07-08 06:33:34,351][__main__][INFO] - [rank: 0] Instantiating trainer <lightning.pytorch.trainer.Trainer>
[2026-07-08 06:33:34,382][__main__][INFO] - [rank: 0] Logging hyperparameters!
[2026-07-08 06:33:34,415][__main__][INFO] - [rank: 0] Starting training!
[2026-07-08 06:35:23,805][src.utils.utils][ERROR] - [rank: 0] 
Traceback (most recent call last):
  File "/root/shift-intensive-detector/src/utils/utils.py", line 67, in wrap
    metric_dict, object_dict = task_func(cfg=cfg)
                               ^^^^^^^^^^^^^^^^^^
  File "/root/shift-intensive-detector/src/train.py", line 78, in train
    trainer.fit(model=model, datamodule=datamodule, ckpt_path=cfg.get("ckpt_path"))
  File "/root/micromamba/envs/det-env/lib/python3.12/site-packages/lightning/pytorch/trainer/trainer.py", line 584, in fit
    call._call_and_handle_interrupt(
  File "/root/micromamba/envs/det-env/lib/python3.12/site-packages/lightning/pytorch/trainer/call.py", line 49, in _call_and_handle_interrupt
    return trainer_fn(*args, **kwargs)
           ^^^^^^^^^^^^^^^^^^^^^^^^^^^
  File "/root/micromamba/envs/det-env/lib/python3.12/site-packages/lightning/pytorch/trainer/trainer.py", line 630, in _fit_impl
    self._run(model, ckpt_path=ckpt_path, weights_only=weights_only)
  File "/root/micromamba/envs/det-env/lib/python3.12/site-packages/lightning/pytorch/trainer/trainer.py", line 1079, in _run
    results = self._run_stage()
              ^^^^^^^^^^^^^^^^^
  File "/root/micromamba/envs/det-env/lib/python3.12/site-packages/lightning/pytorch/trainer/trainer.py", line 1123, in _run_stage
    self.fit_loop.run()
  File "/root/micromamba/envs/det-env/lib/python3.12/site-packages/lightning/pytorch/loops/fit_loop.py", line 218, in run
    self.on_advance_end()
  File "/root/micromamba/envs/det-env/lib/python3.12/site-packages/lightning/pytorch/loops/fit_loop.py", line 484, in on_advance_end
    call._call_callback_hooks(trainer, "on_train_epoch_end", monitoring_callbacks=True)
  File "/root/micromamba/envs/det-env/lib/python3.12/site-packages/lightning/pytorch/trainer/call.py", line 228, in _call_callback_hooks
    fn(trainer, trainer.lightning_module, *args, **kwargs)
  File "/root/micromamba/envs/det-env/lib/python3.12/site-packages/lightning/pytorch/callbacks/early_stopping.py", line 217, in on_train_epoch_end
    self._run_early_stopping_check(trainer)
  File "/root/micromamba/envs/det-env/lib/python3.12/site-packages/lightning/pytorch/callbacks/early_stopping.py", line 229, in _run_early_stopping_check
    if trainer.fast_dev_run or not self._validate_condition_metric(  # disable early_stopping with fast_dev_run
                                   ^^^^^^^^^^^^^^^^^^^^^^^^^^^^^^^^^^^^^^^^^^^^^^^^^^^^^^^^^^^^^^^^^^^^^^^^^^^^
  File "/root/micromamba/envs/det-env/lib/python3.12/site-packages/lightning/pytorch/callbacks/early_stopping.py", line 175, in _validate_condition_metric
    raise RuntimeError(error_msg)
RuntimeError: Early stopping conditioned on metric `val/mAP50` which is not available. Pass in or modify your `EarlyStopping` callback to use any of the following: ``
[2026-07-08 06:35:23,807][src.utils.utils][INFO] - [rank: 0] Output dir: /root/shift-intensive-detector/logs/train/no_exp/runs/2026-07-08_06-33-34
