[2026-07-07 14:09:12,304][src.utils.utils][INFO] - [rank: 0] Enforcing tags! <cfg.extras.enforce_tags=True>
[2026-07-07 14:09:12,307][src.utils.utils][INFO] - [rank: 0] Printing config tree with Rich! <cfg.extras.print_config=True>
[2026-07-07 14:09:12,333][__main__][INFO] - [rank: 0] Instantiating datamodule <src.data.cs_datamodule.CSDataModule>
[2026-07-07 14:09:12,340][__main__][INFO] - [rank: 0] Instantiating model <src.models.detection_module.DetectionLitModel>
[2026-07-07 14:09:12,574][timm.models._builder][INFO] - Loading pretrained weights from Hugging Face hub (timm/ghostnet_100.in1k)
[2026-07-07 14:09:12,814][httpx][INFO] - HTTP Request: HEAD https://huggingface.co/timm/ghostnet_100.in1k/resolve/main/model.safetensors "HTTP/1.1 302 Found"
[2026-07-07 14:09:12,814][huggingface_hub.utils._http][WARNING] - Warning: You are sending unauthenticated requests to the HF Hub. Please set a HF_TOKEN to enable higher rate limits and faster downloads.
[2026-07-07 14:09:12,815][timm.models._hub][INFO] - [timm/ghostnet_100.in1k] Safe alternative available for 'pytorch_model.bin' (as 'model.safetensors'). Loading weights using safetensors.
[2026-07-07 14:09:12,828][timm.models._builder][INFO] - Missing keys (classifier.weight, classifier.bias) discovered while loading pretrained weights. This is expected if model is being adapted.
[2026-07-07 14:09:12,896][__main__][INFO] - [rank: 0] Instantiating callbacks...
[2026-07-07 14:09:12,896][src.utils.instantiators][INFO] - [rank: 0] Instantiating callback <lightning.pytorch.callbacks.ModelCheckpoint>
[2026-07-07 14:09:12,897][src.utils.instantiators][INFO] - [rank: 0] Instantiating callback <lightning.pytorch.callbacks.EarlyStopping>
[2026-07-07 14:09:12,898][src.utils.instantiators][INFO] - [rank: 0] Instantiating callback <lightning.pytorch.callbacks.RichModelSummary>
[2026-07-07 14:09:12,898][src.utils.instantiators][INFO] - [rank: 0] Instantiating callback <lightning.pytorch.callbacks.RichProgressBar>
[2026-07-07 14:09:12,898][__main__][INFO] - [rank: 0] Instantiating loggers...
[2026-07-07 14:09:12,898][src.utils.instantiators][INFO] - [rank: 0] Instantiating logger <lightning.pytorch.loggers.tensorboard.TensorBoardLogger>
[2026-07-07 14:09:12,899][__main__][INFO] - [rank: 0] Instantiating trainer <lightning.pytorch.trainer.Trainer>
[2026-07-07 14:09:12,915][__main__][INFO] - [rank: 0] Logging hyperparameters!
[2026-07-07 14:09:12,938][__main__][INFO] - [rank: 0] Starting training!
[2026-07-07 14:12:20,611][__main__][INFO] - [rank: 0] Starting testing!
[2026-07-07 14:12:21,987][__main__][INFO] - [rank: 0] Best ckpt path: /root/shift-intensive-detector/logs/train/tr_fast_head_img256_ghostnet_100/runs/2026-07-07_14-09-12/checkpoints/epoch_008.ckpt
[2026-07-07 14:12:21,987][src.utils.utils][INFO] - [rank: 0] Output dir: /root/shift-intensive-detector/logs/train/tr_fast_head_img256_ghostnet_100/runs/2026-07-07_14-09-12
[2026-07-07 14:12:21,988][src.utils.utils][INFO] - [rank: 0] Metric name is None! Skipping metric value retrieval...
