CONFIG
├── data
│   └── augmentations:                                                                                                                
│       - _target_: torchvision.transforms.v2.RandomGrayscale                                                                         
│         p: 0.5                                                                                                                      
│       - _target_: torchvision.transforms.v2.RandomPhotometricDistort                                                                
│         p: 0.1                                                                                                                      
│       - _target_: torchvision.transforms.v2.RandomPerspective                                                                       
│         distortion_scale: 0.2                                                                                                       
│         p: 0.3                                                                                                                      
│       _target_: src.data.cs_datamodule.CSDataModule                                                                                 
│       _recursive_: false                                                                                                            
│       batch_size: 2                                                                                                                 
│       num_workers: 4                                                                                                                
│       pin_memory: false                                                                                                             
│       persistent_workers: true                                                                                                      
│       input_shape: 256                                                                                                              
│       train_images_path: /root/shift-intensive-detector/data//train/images                                                          
│       train_labels_path: /root/shift-intensive-detector/data//train/labels                                                          
│       val_images_path: /root/shift-intensive-detector/data//val/images                                                              
│       val_labels_path: /root/shift-intensive-detector/data//val/labels                                                              
│                                                                                                                                     
├── model
│   └── _target_: src.models.yolo_module.YoloLightningAdapter                                                                         
│       _recursive_: false                                                                                                            
│       model_name: yolov8n.pt                                                                                                        
│       imgsz: 256                                                                                                                    
│       lr0: 0.01                                                                                                                     
│       weight_decay: 0.0005                                                                                                          
│                                                                                                                                     
├── callbacks
│   └── model_checkpoint:                                                                                                             
│         _target_: lightning.pytorch.callbacks.ModelCheckpoint                                                                       
│         dirpath: /root/shift-intensive-detector/logs/train/img512_yolo11n/runs/2026-07-08_11-43-20/checkpoints                      
│         filename: epoch_{epoch:03d}                                                                                                 
│         monitor: val/mAP50                                                                                                          
│         verbose: false                                                                                                              
│         save_last: true                                                                                                             
│         save_top_k: 1                                                                                                               
│         mode: max                                                                                                                   
│         auto_insert_metric_name: false                                                                                              
│         save_weights_only: false                                                                                                    
│         every_n_train_steps: null                                                                                                   
│         train_time_interval: null                                                                                                   
│         every_n_epochs: null                                                                                                        
│         save_on_train_epoch_end: null                                                                                               
│       early_stopping:                                                                                                               
│         _target_: lightning.pytorch.callbacks.EarlyStopping                                                                         
│         monitor: val/mAP50                                                                                                          
│         min_delta: 0.0                                                                                                              
│         patience: 100                                                                                                               
│         verbose: false                                                                                                              
│         mode: max                                                                                                                   
│         strict: true                                                                                                                
│         check_finite: true                                                                                                          
│         stopping_threshold: null                                                                                                    
│         divergence_threshold: null                                                                                                  
│         check_on_train_epoch_end: null                                                                                              
│       model_summary:                                                                                                                
│         _target_: lightning.pytorch.callbacks.RichModelSummary                                                                      
│         max_depth: -1                                                                                                               
│       rich_progress_bar:                                                                                                            
│         _target_: lightning.pytorch.callbacks.RichProgressBar                                                                       
│                                                                                                                                     
├── logger
│   └── tensorboard:                                                                                                                  
│         _target_: lightning.pytorch.loggers.tensorboard.TensorBoardLogger                                                           
│         save_dir: /root/shift-intensive-detector/logs/train/img512_yolo11n/runs/2026-07-08_11-43-20/tensorboard/                    
│         name: null                                                                                                                  
│         log_graph: true                                                                                                             
│         default_hp_metric: true                                                                                                     
│         prefix: ''                                                                                                                  
│                                                                                                                                     
├── trainer
│   └── _target_: lightning.pytorch.trainer.Trainer                                                                                   
│       default_root_dir: /root/shift-intensive-detector/logs/train/img512_yolo11n/runs/2026-07-08_11-43-20                           
│       min_epochs: 1                                                                                                                 
│       max_epochs: 10                                                                                                                
│       gradient_clip_val: 5.0                                                                                                        
│       gradient_clip_algorithm: norm                                                                                                 
│       check_val_every_n_epoch: 1                                                                                                    
│       log_every_n_steps: 5                                                                                                          
│       enable_model_summary: false                                                                                                   
│       deterministic: false                                                                                                          
│       accelerator: gpu                                                                                                              
│       devices: 1                                                                                                                    
│                                                                                                                                     
├── paths
│   └── root_dir: /root/shift-intensive-detector                                                                                      
│       data_dir: /root/shift-intensive-detector/data/                                                                                
│       log_dir: /root/shift-intensive-detector/logs/                                                                                 
│       output_dir: /root/shift-intensive-detector/logs/train/img512_yolo11n/runs/2026-07-08_11-43-20                                 
│       work_dir: /root/shift-intensive-detector                                                                                      
│                                                                                                                                     
├── extras
│   └── ignore_warnings: false                                                                                                        
│       enforce_tags: true                                                                                                            
│       print_config: true                                                                                                            
│                                                                                                                                     
├── task_name
│   └── train                                                                                                                         
├── experiment_name
│   └── img512_yolo11n                                                                                                                
├── tags
│   └── ['dev']                                                                                                                       
├── train
│   └── True                                                                                                                          
├── test
│   └── True                                                                                                                          
├── ckpt_path
│   └── None                                                                                                                          
├── seed
│   └── None                                                                                                                          
└── matmul_precision
    └── medium                                                                                                                        
