[2026-07-07 15:10:21,781][src.utils.utils][INFO] - [rank: 0] Enforcing tags! <cfg.extras.enforce_tags=True>
[2026-07-07 15:10:21,784][src.utils.utils][INFO] - [rank: 0] Printing config tree with Rich! <cfg.extras.print_config=True>
[2026-07-07 15:10:21,809][__main__][INFO] - [rank: 0] Instantiating datamodule <src.data.cs_datamodule.CSDataModule>
[2026-07-07 15:10:21,817][__main__][INFO] - [rank: 0] Instantiating model <src.models.detection_module.DetectionLitModel>
[2026-07-07 15:10:22,053][timm.models._builder][INFO] - Loading pretrained weights from Hugging Face hub (timm/ghostnet_100.in1k)
[2026-07-07 15:10:22,309][httpx][INFO] - HTTP Request: HEAD https://huggingface.co/timm/ghostnet_100.in1k/resolve/main/model.safetensors "HTTP/1.1 302 Found"
[2026-07-07 15:10:22,309][huggingface_hub.utils._http][WARNING] - Warning: You are sending unauthenticated requests to the HF Hub. Please set a HF_TOKEN to enable higher rate limits and faster downloads.
[2026-07-07 15:10:22,310][timm.models._hub][INFO] - [timm/ghostnet_100.in1k] Safe alternative available for 'pytorch_model.bin' (as 'model.safetensors'). Loading weights using safetensors.
[2026-07-07 15:10:22,323][timm.models._builder][INFO] - Missing keys (classifier.weight, classifier.bias) discovered while loading pretrained weights. This is expected if model is being adapted.
[2026-07-07 15:10:22,387][__main__][INFO] - [rank: 0] Instantiating callbacks...
[2026-07-07 15:10:22,387][src.utils.instantiators][INFO] - [rank: 0] Instantiating callback <lightning.pytorch.callbacks.ModelCheckpoint>
[2026-07-07 15:10:22,388][src.utils.instantiators][INFO] - [rank: 0] Instantiating callback <lightning.pytorch.callbacks.EarlyStopping>
[2026-07-07 15:10:22,389][src.utils.instantiators][INFO] - [rank: 0] Instantiating callback <lightning.pytorch.callbacks.RichModelSummary>
[2026-07-07 15:10:22,389][src.utils.instantiators][INFO] - [rank: 0] Instantiating callback <lightning.pytorch.callbacks.RichProgressBar>
[2026-07-07 15:10:22,389][__main__][INFO] - [rank: 0] Instantiating loggers...
[2026-07-07 15:10:22,389][src.utils.instantiators][INFO] - [rank: 0] Instantiating logger <lightning.pytorch.loggers.tensorboard.TensorBoardLogger>
[2026-07-07 15:10:22,390][__main__][INFO] - [rank: 0] Instantiating trainer <lightning.pytorch.trainer.Trainer>
[2026-07-07 15:10:22,405][__main__][INFO] - [rank: 0] Logging hyperparameters!
[2026-07-07 15:10:22,428][__main__][INFO] - [rank: 0] Starting training!
[2026-07-07 15:16:37,481][__main__][INFO] - [rank: 0] Starting testing!
[2026-07-07 15:16:38,876][__main__][INFO] - [rank: 0] Best ckpt path: /root/shift-intensive-detector/logs/train/tr_fullbigdata_img256_ghostnet_100/runs/2026-07-07_15-10-21/checkpoints/epoch_009.ckpt
[2026-07-07 15:16:38,876][src.utils.utils][INFO] - [rank: 0] Output dir: /root/shift-intensive-detector/logs/train/tr_fullbigdata_img256_ghostnet_100/runs/2026-07-07_15-10-21
[2026-07-07 15:16:38,877][src.utils.utils][INFO] - [rank: 0] Metric name is None! Skipping metric value retrieval...
