[2026-07-03 07:20:36,455][src.utils.utils][INFO] - [rank: 0] Enforcing tags! <cfg.extras.enforce_tags=True>
[2026-07-03 07:20:36,458][src.utils.utils][INFO] - [rank: 0] Printing config tree with Rich! <cfg.extras.print_config=True>
[2026-07-03 07:20:36,481][__main__][INFO] - [rank: 0] Instantiating datamodule <src.data.cs_datamodule.CSDataModule>
[2026-07-03 07:20:36,488][__main__][INFO] - [rank: 0] Instantiating model <src.models.detection_module.DetectionLitModel>
[2026-07-03 07:20:36,691][timm.models._builder][INFO] - Loading pretrained weights from Hugging Face hub (timm/mobilenetv3_large_100.ra_in1k)
[2026-07-03 07:20:37,034][httpx][INFO] - HTTP Request: HEAD https://huggingface.co/timm/mobilenetv3_large_100.ra_in1k/resolve/main/model.safetensors "HTTP/1.1 302 Found"
[2026-07-03 07:20:37,034][huggingface_hub.utils._http][WARNING] - Warning: You are sending unauthenticated requests to the HF Hub. Please set a HF_TOKEN to enable higher rate limits and faster downloads.
[2026-07-03 07:20:37,035][timm.models._hub][INFO] - [timm/mobilenetv3_large_100.ra_in1k] Safe alternative available for 'pytorch_model.bin' (as 'model.safetensors'). Loading weights using safetensors.
[2026-07-03 07:20:37,040][timm.models._builder][WARNING] - Unexpected keys (classifier.bias, classifier.weight, conv_head.bias, conv_head.weight) found while loading pretrained weights. This may be expected if model is being adapted.
[2026-07-03 07:20:37,097][__main__][INFO] - [rank: 0] Instantiating callbacks...
[2026-07-03 07:20:37,097][src.utils.instantiators][INFO] - [rank: 0] Instantiating callback <lightning.pytorch.callbacks.ModelCheckpoint>
[2026-07-03 07:20:37,099][src.utils.instantiators][INFO] - [rank: 0] Instantiating callback <lightning.pytorch.callbacks.EarlyStopping>
[2026-07-03 07:20:37,099][src.utils.instantiators][INFO] - [rank: 0] Instantiating callback <lightning.pytorch.callbacks.RichModelSummary>
[2026-07-03 07:20:37,099][src.utils.instantiators][INFO] - [rank: 0] Instantiating callback <lightning.pytorch.callbacks.RichProgressBar>
[2026-07-03 07:20:37,099][__main__][INFO] - [rank: 0] Instantiating loggers...
[2026-07-03 07:20:37,099][src.utils.instantiators][INFO] - [rank: 0] Instantiating logger <lightning.pytorch.loggers.tensorboard.TensorBoardLogger>
[2026-07-03 07:20:37,100][__main__][INFO] - [rank: 0] Instantiating trainer <lightning.pytorch.trainer.Trainer>
[2026-07-03 07:20:37,115][__main__][INFO] - [rank: 0] Logging hyperparameters!
[2026-07-03 07:20:37,136][__main__][INFO] - [rank: 0] Starting training!
[2026-07-03 07:35:46,492][__main__][INFO] - [rank: 0] Starting testing!
[2026-07-03 07:35:47,046][__main__][INFO] - [rank: 0] Best ckpt path: /root/shift-intensive-detector/logs/train/baseline/runs/2026-07-03_07-20-36/checkpoints/epoch_005.ckpt
[2026-07-03 07:35:47,046][src.utils.utils][INFO] - [rank: 0] Output dir: /root/shift-intensive-detector/logs/train/baseline/runs/2026-07-03_07-20-36
[2026-07-03 07:35:47,046][src.utils.utils][INFO] - [rank: 0] Metric name is None! Skipping metric value retrieval...
