[2026-07-06 08:21:10,095][src.utils.utils][INFO] - [rank: 0] Enforcing tags! <cfg.extras.enforce_tags=True>
[2026-07-06 08:21:10,102][src.utils.utils][INFO] - [rank: 0] Printing config tree with Rich! <cfg.extras.print_config=True>
[2026-07-06 08:21:10,165][__main__][INFO] - [rank: 0] Instantiating datamodule <src.data.cs_datamodule.CSDataModule>
[2026-07-06 08:21:10,185][__main__][INFO] - [rank: 0] Instantiating model <src.models.detection_module.DetectionLitModel>
[2026-07-06 08:21:13,704][timm.models._builder][INFO] - Loading pretrained weights from Hugging Face hub (timm/convnext_base.fb_in22k_ft_in1k)
[2026-07-06 08:21:13,956][httpx][INFO] - HTTP Request: HEAD https://huggingface.co/timm/convnext_base.fb_in22k_ft_in1k/resolve/main/model.safetensors "HTTP/1.1 302 Found"
[2026-07-06 08:21:13,958][huggingface_hub.utils._http][WARNING] - Warning: You are sending unauthenticated requests to the HF Hub. Please set a HF_TOKEN to enable higher rate limits and faster downloads.
[2026-07-06 08:21:22,544][timm.models._hub][INFO] - [timm/convnext_base.fb_in22k_ft_in1k] Safe alternative available for 'pytorch_model.bin' (as 'model.safetensors'). Loading weights using safetensors.
[2026-07-06 08:21:22,636][timm.models._builder][INFO] - Missing keys (head.fc.weight, head.fc.bias) discovered while loading pretrained weights. This is expected if model is being adapted.
[2026-07-06 08:21:22,845][__main__][INFO] - [rank: 0] Instantiating callbacks...
[2026-07-06 08:21:22,845][src.utils.instantiators][INFO] - [rank: 0] Instantiating callback <lightning.pytorch.callbacks.ModelCheckpoint>
[2026-07-06 08:21:22,848][src.utils.instantiators][INFO] - [rank: 0] Instantiating callback <lightning.pytorch.callbacks.EarlyStopping>
[2026-07-06 08:21:22,849][src.utils.instantiators][INFO] - [rank: 0] Instantiating callback <lightning.pytorch.callbacks.RichModelSummary>
[2026-07-06 08:21:22,850][src.utils.instantiators][INFO] - [rank: 0] Instantiating callback <lightning.pytorch.callbacks.RichProgressBar>
[2026-07-06 08:21:22,850][__main__][INFO] - [rank: 0] Instantiating loggers...
[2026-07-06 08:21:22,850][src.utils.instantiators][INFO] - [rank: 0] Instantiating logger <lightning.pytorch.loggers.tensorboard.TensorBoardLogger>
[2026-07-06 08:21:22,853][__main__][INFO] - [rank: 0] Instantiating trainer <lightning.pytorch.trainer.Trainer>
[2026-07-06 08:21:22,889][__main__][INFO] - [rank: 0] Logging hyperparameters!
[2026-07-06 08:21:22,950][__main__][INFO] - [rank: 0] Starting training!
[2026-07-06 08:48:51,569][__main__][INFO] - [rank: 0] Starting testing!
[2026-07-06 08:49:00,605][__main__][INFO] - [rank: 0] Best ckpt path: /root/shift-intensive-detector/logs/train/baseline_convnext_base/runs/2026-07-06_08-21-10/checkpoints/epoch_009.ckpt
[2026-07-06 08:49:00,606][src.utils.utils][INFO] - [rank: 0] Output dir: /root/shift-intensive-detector/logs/train/baseline_convnext_base/runs/2026-07-06_08-21-10
[2026-07-06 08:49:00,607][src.utils.utils][INFO] - [rank: 0] Metric name is None! Skipping metric value retrieval...
