[2026-07-07 07:00:58,983][src.utils.utils][INFO] - [rank: 0] Enforcing tags! <cfg.extras.enforce_tags=True>
[2026-07-07 07:00:58,986][src.utils.utils][INFO] - [rank: 0] Printing config tree with Rich! <cfg.extras.print_config=True>
[2026-07-07 07:00:59,010][__main__][INFO] - [rank: 0] Instantiating datamodule <src.data.cs_datamodule.CSDataModule>
[2026-07-07 07:00:59,017][__main__][INFO] - [rank: 0] Instantiating model <src.models.detection_module.DetectionLitModel>
[2026-07-07 07:00:59,252][timm.models._builder][INFO] - Loading pretrained weights from Hugging Face hub (timm/lcnet_100.ra2_in1k)
[2026-07-07 07:00:59,495][httpx][INFO] - HTTP Request: HEAD https://huggingface.co/timm/lcnet_100.ra2_in1k/resolve/main/model.safetensors "HTTP/1.1 302 Found"
[2026-07-07 07:00:59,495][huggingface_hub.utils._http][WARNING] - Warning: You are sending unauthenticated requests to the HF Hub. Please set a HF_TOKEN to enable higher rate limits and faster downloads.
[2026-07-07 07:01:02,134][timm.models._hub][INFO] - [timm/lcnet_100.ra2_in1k] Safe alternative available for 'pytorch_model.bin' (as 'model.safetensors'). Loading weights using safetensors.
[2026-07-07 07:01:02,139][timm.models._builder][WARNING] - Unexpected keys (classifier.bias, classifier.weight, conv_head.bias, conv_head.weight) found while loading pretrained weights. This may be expected if model is being adapted.
[2026-07-07 07:01:02,205][__main__][INFO] - [rank: 0] Instantiating callbacks...
[2026-07-07 07:01:02,205][src.utils.instantiators][INFO] - [rank: 0] Instantiating callback <lightning.pytorch.callbacks.ModelCheckpoint>
[2026-07-07 07:01:02,206][src.utils.instantiators][INFO] - [rank: 0] Instantiating callback <lightning.pytorch.callbacks.EarlyStopping>
[2026-07-07 07:01:02,206][src.utils.instantiators][INFO] - [rank: 0] Instantiating callback <lightning.pytorch.callbacks.RichModelSummary>
[2026-07-07 07:01:02,207][src.utils.instantiators][INFO] - [rank: 0] Instantiating callback <lightning.pytorch.callbacks.RichProgressBar>
[2026-07-07 07:01:02,207][__main__][INFO] - [rank: 0] Instantiating loggers...
[2026-07-07 07:01:02,207][src.utils.instantiators][INFO] - [rank: 0] Instantiating logger <lightning.pytorch.loggers.tensorboard.TensorBoardLogger>
[2026-07-07 07:01:02,208][__main__][INFO] - [rank: 0] Instantiating trainer <lightning.pytorch.trainer.Trainer>
[2026-07-07 07:01:02,226][__main__][INFO] - [rank: 0] Logging hyperparameters!
[2026-07-07 07:01:02,249][__main__][INFO] - [rank: 0] Starting training!
[2026-07-07 07:10:41,973][__main__][INFO] - [rank: 0] Starting testing!
[2026-07-07 07:10:42,202][__main__][INFO] - [rank: 0] Best ckpt path: /root/shift-intensive-detector/logs/train/baseline_lcnet_100/runs/2026-07-07_07-00-58/checkpoints/epoch_000.ckpt
[2026-07-07 07:10:42,203][src.utils.utils][INFO] - [rank: 0] Output dir: /root/shift-intensive-detector/logs/train/baseline_lcnet_100/runs/2026-07-07_07-00-58
[2026-07-07 07:10:42,203][src.utils.utils][INFO] - [rank: 0] Metric name is None! Skipping metric value retrieval...
