[2026-07-07 14:47:28,431][src.utils.utils][INFO] - [rank: 0] Enforcing tags! <cfg.extras.enforce_tags=True>
[2026-07-07 14:47:28,434][src.utils.utils][INFO] - [rank: 0] Printing config tree with Rich! <cfg.extras.print_config=True>
[2026-07-07 14:47:28,459][__main__][INFO] - [rank: 0] Instantiating datamodule <src.data.cs_datamodule.CSDataModule>
[2026-07-07 14:47:28,466][__main__][INFO] - [rank: 0] Instantiating model <src.models.detection_module.DetectionLitModel>
[2026-07-07 14:47:28,698][timm.models._builder][INFO] - Loading pretrained weights from Hugging Face hub (timm/ghostnet_100.in1k)
[2026-07-07 14:47:28,928][httpx][INFO] - HTTP Request: HEAD https://huggingface.co/timm/ghostnet_100.in1k/resolve/main/model.safetensors "HTTP/1.1 302 Found"
[2026-07-07 14:47:28,928][huggingface_hub.utils._http][WARNING] - Warning: You are sending unauthenticated requests to the HF Hub. Please set a HF_TOKEN to enable higher rate limits and faster downloads.
[2026-07-07 14:47:28,929][timm.models._hub][INFO] - [timm/ghostnet_100.in1k] Safe alternative available for 'pytorch_model.bin' (as 'model.safetensors'). Loading weights using safetensors.
[2026-07-07 14:47:28,941][timm.models._builder][INFO] - Missing keys (classifier.weight, classifier.bias) discovered while loading pretrained weights. This is expected if model is being adapted.
[2026-07-07 14:47:29,004][__main__][INFO] - [rank: 0] Instantiating callbacks...
[2026-07-07 14:47:29,004][src.utils.instantiators][INFO] - [rank: 0] Instantiating callback <lightning.pytorch.callbacks.ModelCheckpoint>
[2026-07-07 14:47:29,005][src.utils.instantiators][INFO] - [rank: 0] Instantiating callback <lightning.pytorch.callbacks.EarlyStopping>
[2026-07-07 14:47:29,006][src.utils.instantiators][INFO] - [rank: 0] Instantiating callback <lightning.pytorch.callbacks.RichModelSummary>
[2026-07-07 14:47:29,006][src.utils.instantiators][INFO] - [rank: 0] Instantiating callback <lightning.pytorch.callbacks.RichProgressBar>
[2026-07-07 14:47:29,006][__main__][INFO] - [rank: 0] Instantiating loggers...
[2026-07-07 14:47:29,006][src.utils.instantiators][INFO] - [rank: 0] Instantiating logger <lightning.pytorch.loggers.tensorboard.TensorBoardLogger>
[2026-07-07 14:47:29,007][__main__][INFO] - [rank: 0] Instantiating trainer <lightning.pytorch.trainer.Trainer>
[2026-07-07 14:47:29,022][__main__][INFO] - [rank: 0] Logging hyperparameters!
[2026-07-07 14:47:29,045][__main__][INFO] - [rank: 0] Starting training!
[2026-07-07 14:52:57,643][__main__][INFO] - [rank: 0] Starting testing!
[2026-07-07 14:52:59,033][__main__][INFO] - [rank: 0] Best ckpt path: /root/shift-intensive-detector/logs/train/tr_bigdata_img256_ghostnet_100/runs/2026-07-07_14-47-28/checkpoints/epoch_008.ckpt
[2026-07-07 14:52:59,034][src.utils.utils][INFO] - [rank: 0] Output dir: /root/shift-intensive-detector/logs/train/tr_bigdata_img256_ghostnet_100/runs/2026-07-07_14-47-28
[2026-07-07 14:52:59,034][src.utils.utils][INFO] - [rank: 0] Metric name is None! Skipping metric value retrieval...
