[2026-07-07 07:19:17,979][src.utils.utils][INFO] - [rank: 0] Enforcing tags! <cfg.extras.enforce_tags=True>
[2026-07-07 07:19:17,982][src.utils.utils][INFO] - [rank: 0] Printing config tree with Rich! <cfg.extras.print_config=True>
[2026-07-07 07:19:18,006][__main__][INFO] - [rank: 0] Instantiating datamodule <src.data.cs_datamodule.CSDataModule>
[2026-07-07 07:19:18,013][__main__][INFO] - [rank: 0] Instantiating model <src.models.detection_module.DetectionLitModel>
[2026-07-07 07:19:18,251][timm.models._builder][INFO] - Loading pretrained weights from Hugging Face hub (timm/lcnet_100.ra2_in1k)
[2026-07-07 07:19:18,511][httpx][INFO] - HTTP Request: HEAD https://huggingface.co/timm/lcnet_100.ra2_in1k/resolve/main/model.safetensors "HTTP/1.1 302 Found"
[2026-07-07 07:19:18,512][huggingface_hub.utils._http][WARNING] - Warning: You are sending unauthenticated requests to the HF Hub. Please set a HF_TOKEN to enable higher rate limits and faster downloads.
[2026-07-07 07:19:18,512][timm.models._hub][INFO] - [timm/lcnet_100.ra2_in1k] Safe alternative available for 'pytorch_model.bin' (as 'model.safetensors'). Loading weights using safetensors.
[2026-07-07 07:19:18,518][timm.models._builder][WARNING] - Unexpected keys (classifier.bias, classifier.weight, conv_head.bias, conv_head.weight) found while loading pretrained weights. This may be expected if model is being adapted.
[2026-07-07 07:19:18,579][__main__][INFO] - [rank: 0] Instantiating callbacks...
[2026-07-07 07:19:18,579][src.utils.instantiators][INFO] - [rank: 0] Instantiating callback <lightning.pytorch.callbacks.ModelCheckpoint>
[2026-07-07 07:19:18,580][src.utils.instantiators][INFO] - [rank: 0] Instantiating callback <lightning.pytorch.callbacks.EarlyStopping>
[2026-07-07 07:19:18,581][src.utils.instantiators][INFO] - [rank: 0] Instantiating callback <lightning.pytorch.callbacks.RichModelSummary>
[2026-07-07 07:19:18,581][src.utils.instantiators][INFO] - [rank: 0] Instantiating callback <lightning.pytorch.callbacks.RichProgressBar>
[2026-07-07 07:19:18,581][__main__][INFO] - [rank: 0] Instantiating loggers...
[2026-07-07 07:19:18,581][src.utils.instantiators][INFO] - [rank: 0] Instantiating logger <lightning.pytorch.loggers.tensorboard.TensorBoardLogger>
[2026-07-07 07:19:18,582][__main__][INFO] - [rank: 0] Instantiating trainer <lightning.pytorch.trainer.Trainer>
[2026-07-07 07:19:18,598][__main__][INFO] - [rank: 0] Logging hyperparameters!
[2026-07-07 07:19:18,620][__main__][INFO] - [rank: 0] Starting training!
[2026-07-07 07:27:16,890][__main__][INFO] - [rank: 0] Starting testing!
[2026-07-07 07:27:19,556][__main__][INFO] - [rank: 0] Best ckpt path: /root/shift-intensive-detector/logs/train/baseline_lcnet_100/runs/2026-07-07_07-19-17/checkpoints/epoch_007.ckpt
[2026-07-07 07:27:19,557][src.utils.utils][INFO] - [rank: 0] Output dir: /root/shift-intensive-detector/logs/train/baseline_lcnet_100/runs/2026-07-07_07-19-17
[2026-07-07 07:27:19,557][src.utils.utils][INFO] - [rank: 0] Metric name is None! Skipping metric value retrieval...
