[2026-07-08 06:46:59,363][src.utils.utils][INFO] - [rank: 0] Enforcing tags! <cfg.extras.enforce_tags=True>
[2026-07-08 06:46:59,367][src.utils.utils][INFO] - [rank: 0] Printing config tree with Rich! <cfg.extras.print_config=True>
[2026-07-08 06:46:59,482][__main__][INFO] - [rank: 0] Instantiating datamodule <src.data.cs_datamodule.CSDataModule>
[2026-07-08 06:46:59,493][__main__][INFO] - [rank: 0] Instantiating model <src.models.yolo_module.YoloLightningAdapter>
[2026-07-08 06:46:59,627][__main__][INFO] - [rank: 0] Instantiating callbacks...
[2026-07-08 06:46:59,628][src.utils.instantiators][INFO] - [rank: 0] Instantiating callback <lightning.pytorch.callbacks.ModelCheckpoint>
[2026-07-08 06:46:59,629][src.utils.instantiators][INFO] - [rank: 0] Instantiating callback <lightning.pytorch.callbacks.EarlyStopping>
[2026-07-08 06:46:59,630][src.utils.instantiators][INFO] - [rank: 0] Instantiating callback <lightning.pytorch.callbacks.RichModelSummary>
[2026-07-08 06:46:59,630][src.utils.instantiators][INFO] - [rank: 0] Instantiating callback <lightning.pytorch.callbacks.RichProgressBar>
[2026-07-08 06:46:59,630][__main__][INFO] - [rank: 0] Instantiating loggers...
[2026-07-08 06:46:59,630][src.utils.instantiators][INFO] - [rank: 0] Instantiating logger <lightning.pytorch.loggers.tensorboard.TensorBoardLogger>
[2026-07-08 06:46:59,632][__main__][INFO] - [rank: 0] Instantiating trainer <lightning.pytorch.trainer.Trainer>
[2026-07-08 06:46:59,663][__main__][INFO] - [rank: 0] Logging hyperparameters!
[2026-07-08 06:46:59,697][__main__][INFO] - [rank: 0] Starting training!
[2026-07-08 06:47:12,253][src.utils.utils][ERROR] - [rank: 0] 
Traceback (most recent call last):
  File "/root/shift-intensive-detector/src/utils/utils.py", line 67, in wrap
    metric_dict, object_dict = task_func(cfg=cfg)
                               ^^^^^^^^^^^^^^^^^^
  File "/root/shift-intensive-detector/src/train.py", line 78, in train
    trainer.fit(model=model, datamodule=datamodule, ckpt_path=cfg.get("ckpt_path"))
  File "/root/micromamba/envs/det-env/lib/python3.12/site-packages/lightning/pytorch/trainer/trainer.py", line 584, in fit
    call._call_and_handle_interrupt(
  File "/root/micromamba/envs/det-env/lib/python3.12/site-packages/lightning/pytorch/trainer/call.py", line 49, in _call_and_handle_interrupt
    return trainer_fn(*args, **kwargs)
           ^^^^^^^^^^^^^^^^^^^^^^^^^^^
  File "/root/micromamba/envs/det-env/lib/python3.12/site-packages/lightning/pytorch/trainer/trainer.py", line 630, in _fit_impl
    self._run(model, ckpt_path=ckpt_path, weights_only=weights_only)
  File "/root/micromamba/envs/det-env/lib/python3.12/site-packages/lightning/pytorch/trainer/trainer.py", line 1058, in _run
    call._call_lightning_module_hook(self, "on_fit_start")
  File "/root/micromamba/envs/det-env/lib/python3.12/site-packages/lightning/pytorch/trainer/call.py", line 177, in _call_lightning_module_hook
    output = fn(*args, **kwargs)
             ^^^^^^^^^^^^^^^^^^^
  File "/root/shift-intensive-detector/src/models/yolo_module.py", line 73, in on_fit_start
    self.yolo_model.train(**yolo_args)
  File "/root/micromamba/envs/det-env/lib/python3.12/site-packages/ultralytics/engine/model.py", line 814, in train
    self.trainer.train()
  File "/root/micromamba/envs/det-env/lib/python3.12/site-packages/ultralytics/engine/trainer.py", line 241, in train
    self._do_train()
  File "/root/micromamba/envs/det-env/lib/python3.12/site-packages/ultralytics/engine/trainer.py", line 576, in _do_train
    self.run_callbacks("on_fit_epoch_end")
  File "/root/micromamba/envs/det-env/lib/python3.12/site-packages/ultralytics/engine/trainer.py", line 212, in run_callbacks
    callback(self)
  File "/root/shift-intensive-detector/src/models/yolo_module.py", line 57, in map_logger_callback
    self.log(
  File "/root/micromamba/envs/det-env/lib/python3.12/site-packages/lightning/pytorch/core/module.py", line 474, in log
    on_step, on_epoch = _FxValidator.check_logging_and_get_default_levels(
                        ^^^^^^^^^^^^^^^^^^^^^^^^^^^^^^^^^^^^^^^^^^^^^^^^^^
  File "/root/micromamba/envs/det-env/lib/python3.12/site-packages/lightning/pytorch/trainer/connectors/logger_connector/fx_validator.py", line 196, in check_logging_and_get_default_levels
    cls.check_logging(fx_name)
  File "/root/micromamba/envs/det-env/lib/python3.12/site-packages/lightning/pytorch/trainer/connectors/logger_connector/fx_validator.py", line 161, in check_logging
    raise MisconfigurationException(
lightning.fabric.utilities.exceptions.MisconfigurationException: You can't `self.log()` inside `on_fit_start`. HINT: You can still log directly to the logger by using `self.logger.experiment`.
[2026-07-08 06:47:12,256][src.utils.utils][INFO] - [rank: 0] Output dir: /root/shift-intensive-detector/logs/train/no_exp/runs/2026-07-08_06-46-59
