[2026-07-07 13:00:01,462][src.utils.utils][INFO] - [rank: 0] Enforcing tags! <cfg.extras.enforce_tags=True>
[2026-07-07 13:00:01,465][src.utils.utils][INFO] - [rank: 0] Printing config tree with Rich! <cfg.extras.print_config=True>
[2026-07-07 13:00:01,490][__main__][INFO] - [rank: 0] Instantiating datamodule <src.data.cs_datamodule.CSDataModule>
[2026-07-07 13:00:01,498][__main__][INFO] - [rank: 0] Instantiating model <src.models.detection_module.DetectionLitModel>
[2026-07-07 13:00:01,696][timm.models._builder][INFO] - Loading pretrained weights from Hugging Face hub (timm/lcnet_050.ra2_in1k)
[2026-07-07 13:00:01,931][httpx][INFO] - HTTP Request: HEAD https://huggingface.co/timm/lcnet_050.ra2_in1k/resolve/main/model.safetensors "HTTP/1.1 302 Found"
[2026-07-07 13:00:01,932][huggingface_hub.utils._http][WARNING] - Warning: You are sending unauthenticated requests to the HF Hub. Please set a HF_TOKEN to enable higher rate limits and faster downloads.
[2026-07-07 13:00:01,932][timm.models._hub][INFO] - [timm/lcnet_050.ra2_in1k] Safe alternative available for 'pytorch_model.bin' (as 'model.safetensors'). Loading weights using safetensors.
[2026-07-07 13:00:01,937][timm.models._builder][WARNING] - Unexpected keys (classifier.bias, classifier.weight, conv_head.bias, conv_head.weight) found while loading pretrained weights. This may be expected if model is being adapted.
[2026-07-07 13:00:02,008][__main__][INFO] - [rank: 0] Instantiating callbacks...
[2026-07-07 13:00:02,008][src.utils.instantiators][INFO] - [rank: 0] Instantiating callback <lightning.pytorch.callbacks.ModelCheckpoint>
[2026-07-07 13:00:02,009][src.utils.instantiators][INFO] - [rank: 0] Instantiating callback <lightning.pytorch.callbacks.EarlyStopping>
[2026-07-07 13:00:02,010][src.utils.instantiators][INFO] - [rank: 0] Instantiating callback <lightning.pytorch.callbacks.RichModelSummary>
[2026-07-07 13:00:02,010][src.utils.instantiators][INFO] - [rank: 0] Instantiating callback <lightning.pytorch.callbacks.RichProgressBar>
[2026-07-07 13:00:02,010][__main__][INFO] - [rank: 0] Instantiating loggers...
[2026-07-07 13:00:02,010][src.utils.instantiators][INFO] - [rank: 0] Instantiating logger <lightning.pytorch.loggers.tensorboard.TensorBoardLogger>
[2026-07-07 13:00:02,011][__main__][INFO] - [rank: 0] Instantiating trainer <lightning.pytorch.trainer.Trainer>
[2026-07-07 13:00:02,027][__main__][INFO] - [rank: 0] Logging hyperparameters!
[2026-07-07 13:00:02,050][__main__][INFO] - [rank: 0] Starting training!
[2026-07-07 13:02:56,424][__main__][INFO] - [rank: 0] Starting testing!
[2026-07-07 13:02:57,742][__main__][INFO] - [rank: 0] Best ckpt path: /root/shift-intensive-detector/logs/train/tr_fast_head_img256_lcnet_050/runs/2026-07-07_13-00-01/checkpoints/epoch_008.ckpt
[2026-07-07 13:02:57,743][src.utils.utils][INFO] - [rank: 0] Output dir: /root/shift-intensive-detector/logs/train/tr_fast_head_img256_lcnet_050/runs/2026-07-07_13-00-01
[2026-07-07 13:02:57,743][src.utils.utils][INFO] - [rank: 0] Metric name is None! Skipping metric value retrieval...
