[2026-07-06 16:32:11,402][src.utils.utils][INFO] - [rank: 0] Enforcing tags! <cfg.extras.enforce_tags=True>
[2026-07-06 16:32:11,409][src.utils.utils][INFO] - [rank: 0] Printing config tree with Rich! <cfg.extras.print_config=True>
[2026-07-06 16:32:11,474][__main__][INFO] - [rank: 0] Instantiating datamodule <src.data.cs_datamodule.CSDataModule>
[2026-07-06 16:32:11,494][__main__][INFO] - [rank: 0] Instantiating model <src.models.detection_module.DetectionLitModel>
[2026-07-06 16:32:12,190][timm.models._builder][INFO] - Loading pretrained weights from Hugging Face hub (timm/mobilenetv3_large_100.ra_in1k)
[2026-07-06 16:32:12,514][httpx][INFO] - HTTP Request: HEAD https://huggingface.co/timm/mobilenetv3_large_100.ra_in1k/resolve/main/model.safetensors "HTTP/1.1 302 Found"
[2026-07-06 16:32:12,515][huggingface_hub.utils._http][WARNING] - Warning: You are sending unauthenticated requests to the HF Hub. Please set a HF_TOKEN to enable higher rate limits and faster downloads.
[2026-07-06 16:32:12,517][timm.models._hub][INFO] - [timm/mobilenetv3_large_100.ra_in1k] Safe alternative available for 'pytorch_model.bin' (as 'model.safetensors'). Loading weights using safetensors.
[2026-07-06 16:32:12,543][timm.models._builder][WARNING] - Unexpected keys (classifier.bias, classifier.weight, conv_head.bias, conv_head.weight) found while loading pretrained weights. This may be expected if model is being adapted.
[2026-07-06 16:32:12,714][__main__][INFO] - [rank: 0] Instantiating callbacks...
[2026-07-06 16:32:12,714][src.utils.instantiators][INFO] - [rank: 0] Instantiating callback <lightning.pytorch.callbacks.ModelCheckpoint>
[2026-07-06 16:32:12,717][src.utils.instantiators][INFO] - [rank: 0] Instantiating callback <lightning.pytorch.callbacks.EarlyStopping>
[2026-07-06 16:32:12,718][src.utils.instantiators][INFO] - [rank: 0] Instantiating callback <lightning.pytorch.callbacks.RichModelSummary>
[2026-07-06 16:32:12,719][src.utils.instantiators][INFO] - [rank: 0] Instantiating callback <lightning.pytorch.callbacks.RichProgressBar>
[2026-07-06 16:32:12,719][__main__][INFO] - [rank: 0] Instantiating loggers...
[2026-07-06 16:32:12,720][src.utils.instantiators][INFO] - [rank: 0] Instantiating logger <lightning.pytorch.loggers.tensorboard.TensorBoardLogger>
[2026-07-06 16:32:12,722][__main__][INFO] - [rank: 0] Instantiating trainer <lightning.pytorch.trainer.Trainer>
[2026-07-06 16:32:12,761][__main__][INFO] - [rank: 0] Logging hyperparameters!
[2026-07-06 16:32:12,837][__main__][INFO] - [rank: 0] Starting training!
[2026-07-06 16:51:31,101][__main__][INFO] - [rank: 0] Starting testing!
[2026-07-06 16:51:31,799][__main__][INFO] - [rank: 0] Best ckpt path: /root/shift-intensive-detector/logs/train/mobilenetv3_large_100_new_head/runs/2026-07-06_16-32-11/checkpoints/epoch_000.ckpt
[2026-07-06 16:51:31,801][src.utils.utils][INFO] - [rank: 0] Output dir: /root/shift-intensive-detector/logs/train/mobilenetv3_large_100_new_head/runs/2026-07-06_16-32-11
[2026-07-06 16:51:31,802][src.utils.utils][INFO] - [rank: 0] Metric name is None! Skipping metric value retrieval...
