[2026-07-07 07:32:44,371][src.utils.utils][INFO] - [rank: 0] Enforcing tags! <cfg.extras.enforce_tags=True>
[2026-07-07 07:32:44,374][src.utils.utils][INFO] - [rank: 0] Printing config tree with Rich! <cfg.extras.print_config=True>
[2026-07-07 07:32:44,398][__main__][INFO] - [rank: 0] Instantiating datamodule <src.data.cs_datamodule.CSDataModule>
[2026-07-07 07:32:44,405][__main__][INFO] - [rank: 0] Instantiating model <src.models.detection_module.DetectionLitModel>
[2026-07-07 07:32:44,670][timm.models._builder][INFO] - Loading pretrained weights from Hugging Face hub (timm/ghostnet_100.in1k)
[2026-07-07 07:32:44,930][httpx][INFO] - HTTP Request: HEAD https://huggingface.co/timm/ghostnet_100.in1k/resolve/main/model.safetensors "HTTP/1.1 302 Found"
[2026-07-07 07:32:48,404][timm.models._hub][INFO] - [timm/ghostnet_100.in1k] Safe alternative available for 'pytorch_model.bin' (as 'model.safetensors'). Loading weights using safetensors.
[2026-07-07 07:32:48,417][timm.models._builder][INFO] - Missing keys (classifier.weight, classifier.bias) discovered while loading pretrained weights. This is expected if model is being adapted.
[2026-07-07 07:32:48,483][__main__][INFO] - [rank: 0] Instantiating callbacks...
[2026-07-07 07:32:48,483][src.utils.instantiators][INFO] - [rank: 0] Instantiating callback <lightning.pytorch.callbacks.ModelCheckpoint>
[2026-07-07 07:32:48,485][src.utils.instantiators][INFO] - [rank: 0] Instantiating callback <lightning.pytorch.callbacks.EarlyStopping>
[2026-07-07 07:32:48,485][src.utils.instantiators][INFO] - [rank: 0] Instantiating callback <lightning.pytorch.callbacks.RichModelSummary>
[2026-07-07 07:32:48,485][src.utils.instantiators][INFO] - [rank: 0] Instantiating callback <lightning.pytorch.callbacks.RichProgressBar>
[2026-07-07 07:32:48,486][__main__][INFO] - [rank: 0] Instantiating loggers...
[2026-07-07 07:32:48,486][src.utils.instantiators][INFO] - [rank: 0] Instantiating logger <lightning.pytorch.loggers.tensorboard.TensorBoardLogger>
[2026-07-07 07:32:48,486][__main__][INFO] - [rank: 0] Instantiating trainer <lightning.pytorch.trainer.Trainer>
[2026-07-07 07:32:48,502][__main__][INFO] - [rank: 0] Logging hyperparameters!
[2026-07-07 07:32:48,525][__main__][INFO] - [rank: 0] Starting training!
[2026-07-07 07:42:12,560][__main__][INFO] - [rank: 0] Starting testing!
[2026-07-07 07:42:15,485][__main__][INFO] - [rank: 0] Best ckpt path: /root/shift-intensive-detector/logs/train/tr_baseline_ghostnet_100/runs/2026-07-07_07-32-44/checkpoints/epoch_009.ckpt
[2026-07-07 07:42:15,486][src.utils.utils][INFO] - [rank: 0] Output dir: /root/shift-intensive-detector/logs/train/tr_baseline_ghostnet_100/runs/2026-07-07_07-32-44
[2026-07-07 07:42:15,486][src.utils.utils][INFO] - [rank: 0] Metric name is None! Skipping metric value retrieval...
