[2026-07-03 14:19:31,486][src.utils.utils][INFO] - [rank: 0] Enforcing tags! <cfg.extras.enforce_tags=True>
[2026-07-03 14:19:31,489][src.utils.utils][INFO] - [rank: 0] Printing config tree with Rich! <cfg.extras.print_config=True>
[2026-07-03 14:19:31,512][__main__][INFO] - [rank: 0] Instantiating datamodule <src.data.cs_datamodule.CSDataModule>
[2026-07-03 14:19:31,519][__main__][INFO] - [rank: 0] Instantiating model <src.models.detection_module.DetectionLitModel>
[2026-07-03 14:19:31,719][timm.models._builder][INFO] - Loading pretrained weights from Hugging Face hub (timm/mobilenetv3_large_100.ra_in1k)
[2026-07-03 14:19:32,065][httpx][INFO] - HTTP Request: HEAD https://huggingface.co/timm/mobilenetv3_large_100.ra_in1k/resolve/main/model.safetensors "HTTP/1.1 302 Found"
[2026-07-03 14:19:32,066][timm.models._hub][INFO] - [timm/mobilenetv3_large_100.ra_in1k] Safe alternative available for 'pytorch_model.bin' (as 'model.safetensors'). Loading weights using safetensors.
[2026-07-03 14:19:32,072][timm.models._builder][WARNING] - Unexpected keys (classifier.bias, classifier.weight, conv_head.bias, conv_head.weight) found while loading pretrained weights. This may be expected if model is being adapted.
[2026-07-03 14:19:32,090][src.utils.utils][ERROR] - [rank: 0] 
Traceback (most recent call last):
  File "/root/micromamba/envs/det-env/lib/python3.12/site-packages/hydra/_internal/instantiate/_instantiate2.py", line 92, in _call_target
    return _target_(*args, **kwargs)
           ^^^^^^^^^^^^^^^^^^^^^^^^^
TypeError: FasterRCNNDecoder.__init__() missing 1 required positional argument: 'backbone'

The above exception was the direct cause of the following exception:

Traceback (most recent call last):
  File "/root/micromamba/envs/det-env/lib/python3.12/site-packages/hydra/_internal/instantiate/_instantiate2.py", line 92, in _call_target
    return _target_(*args, **kwargs)
           ^^^^^^^^^^^^^^^^^^^^^^^^^
  File "/root/shift-intensive-detector/src/models/detection_module.py", line 27, in __init__
    self.model = hydra.utils.instantiate(components)
                 ^^^^^^^^^^^^^^^^^^^^^^^^^^^^^^^^^^^
  File "/root/micromamba/envs/det-env/lib/python3.12/site-packages/hydra/_internal/instantiate/_instantiate2.py", line 226, in instantiate
    return instantiate_node(
           ^^^^^^^^^^^^^^^^^
  File "/root/micromamba/envs/det-env/lib/python3.12/site-packages/hydra/_internal/instantiate/_instantiate2.py", line 366, in instantiate_node
    cfg[key] = instantiate_node(
               ^^^^^^^^^^^^^^^^^
  File "/root/micromamba/envs/det-env/lib/python3.12/site-packages/hydra/_internal/instantiate/_instantiate2.py", line 347, in instantiate_node
    return _call_target(_target_, partial, args, kwargs, full_key)
           ^^^^^^^^^^^^^^^^^^^^^^^^^^^^^^^^^^^^^^^^^^^^^^^^^^^^^^^
  File "/root/micromamba/envs/det-env/lib/python3.12/site-packages/hydra/_internal/instantiate/_instantiate2.py", line 97, in _call_target
    raise InstantiationException(msg) from e
hydra.errors.InstantiationException: Error in call to target 'src.models.components.detectors.fasterRCNN.FasterRCNNDecoder':
TypeError("FasterRCNNDecoder.__init__() missing 1 required positional argument: 'backbone'")
full_key: components.detector

The above exception was the direct cause of the following exception:

Traceback (most recent call last):
  File "/root/shift-intensive-detector/src/utils/utils.py", line 67, in wrap
    metric_dict, object_dict = task_func(cfg=cfg)
                               ^^^^^^^^^^^^^^^^^^
  File "/root/shift-intensive-detector/src/train.py", line 47, in train
    model: LightningModule = hydra.utils.instantiate(cfg.model)
                             ^^^^^^^^^^^^^^^^^^^^^^^^^^^^^^^^^^
  File "/root/micromamba/envs/det-env/lib/python3.12/site-packages/hydra/_internal/instantiate/_instantiate2.py", line 226, in instantiate
    return instantiate_node(
           ^^^^^^^^^^^^^^^^^
  File "/root/micromamba/envs/det-env/lib/python3.12/site-packages/hydra/_internal/instantiate/_instantiate2.py", line 347, in instantiate_node
    return _call_target(_target_, partial, args, kwargs, full_key)
           ^^^^^^^^^^^^^^^^^^^^^^^^^^^^^^^^^^^^^^^^^^^^^^^^^^^^^^^
  File "/root/micromamba/envs/det-env/lib/python3.12/site-packages/hydra/_internal/instantiate/_instantiate2.py", line 97, in _call_target
    raise InstantiationException(msg) from e
hydra.errors.InstantiationException: Error in call to target 'src.models.detection_module.DetectionLitModel':
InstantiationException('Error in call to target \'src.models.components.detectors.fasterRCNN.FasterRCNNDecoder\':\nTypeError("FasterRCNNDecoder.__init__() missing 1 required positional argument: \'backbone\'")\nfull_key: components.detector')
full_key: model
[2026-07-03 14:19:32,091][src.utils.utils][INFO] - [rank: 0] Output dir: /root/shift-intensive-detector/logs/train/baseline/runs/2026-07-03_14-19-31
