[2026-07-03 11:39:50,120][src.utils.utils][INFO] - [rank: 0] Enforcing tags! <cfg.extras.enforce_tags=True>
[2026-07-03 11:39:50,122][src.utils.utils][INFO] - [rank: 0] Printing config tree with Rich! <cfg.extras.print_config=True>
[2026-07-03 11:39:50,144][__main__][INFO] - [rank: 0] Instantiating datamodule <src.data.cs_datamodule.CSDataModule>
[2026-07-03 11:39:50,151][__main__][INFO] - [rank: 0] Instantiating model <src.models.detection_module.DetectionLitModel>
[2026-07-03 11:39:50,355][timm.models._builder][INFO] - Loading pretrained weights from Hugging Face hub (timm/mobilenetv3_large_100.ra_in1k)
[2026-07-03 11:39:50,696][httpx][INFO] - HTTP Request: HEAD https://huggingface.co/timm/mobilenetv3_large_100.ra_in1k/resolve/main/model.safetensors "HTTP/1.1 302 Found"
[2026-07-03 11:39:50,696][timm.models._hub][INFO] - [timm/mobilenetv3_large_100.ra_in1k] Safe alternative available for 'pytorch_model.bin' (as 'model.safetensors'). Loading weights using safetensors.
[2026-07-03 11:39:50,701][timm.models._builder][WARNING] - Unexpected keys (classifier.bias, classifier.weight, conv_head.bias, conv_head.weight) found while loading pretrained weights. This may be expected if model is being adapted.
[2026-07-03 11:39:50,760][__main__][INFO] - [rank: 0] Instantiating callbacks...
[2026-07-03 11:39:50,761][src.utils.instantiators][INFO] - [rank: 0] Instantiating callback <lightning.pytorch.callbacks.ModelCheckpoint>
[2026-07-03 11:39:50,762][src.utils.instantiators][INFO] - [rank: 0] Instantiating callback <lightning.pytorch.callbacks.EarlyStopping>
[2026-07-03 11:39:50,762][src.utils.instantiators][INFO] - [rank: 0] Instantiating callback <lightning.pytorch.callbacks.RichModelSummary>
[2026-07-03 11:39:50,763][src.utils.instantiators][INFO] - [rank: 0] Instantiating callback <lightning.pytorch.callbacks.RichProgressBar>
[2026-07-03 11:39:50,763][__main__][INFO] - [rank: 0] Instantiating loggers...
[2026-07-03 11:39:50,763][src.utils.instantiators][INFO] - [rank: 0] Instantiating logger <lightning.pytorch.loggers.tensorboard.TensorBoardLogger>
[2026-07-03 11:39:50,764][__main__][INFO] - [rank: 0] Instantiating trainer <lightning.pytorch.trainer.Trainer>
[2026-07-03 11:39:50,779][__main__][INFO] - [rank: 0] Logging hyperparameters!
[2026-07-03 11:39:50,800][__main__][INFO] - [rank: 0] Starting training!
[2026-07-03 12:10:35,874][__main__][INFO] - [rank: 0] Starting testing!
[2026-07-03 12:10:36,448][__main__][INFO] - [rank: 0] Best ckpt path: /root/shift-intensive-detector/logs/train/no_exp/runs/2026-07-03_11-39-50/checkpoints/epoch_002.ckpt
[2026-07-03 12:10:36,448][src.utils.utils][INFO] - [rank: 0] Output dir: /root/shift-intensive-detector/logs/train/no_exp/runs/2026-07-03_11-39-50
[2026-07-03 12:10:36,448][src.utils.utils][INFO] - [rank: 0] Metric name is None! Skipping metric value retrieval...
