[2026-07-06 07:44:03,905][src.utils.utils][INFO] - [rank: 0] Enforcing tags! <cfg.extras.enforce_tags=True>
[2026-07-06 07:44:03,913][src.utils.utils][INFO] - [rank: 0] Printing config tree with Rich! <cfg.extras.print_config=True>
[2026-07-06 07:44:03,977][__main__][INFO] - [rank: 0] Instantiating datamodule <src.data.cs_datamodule.CSDataModule>
[2026-07-06 07:44:03,998][__main__][INFO] - [rank: 0] Instantiating model <src.models.detection_module.DetectionLitModel>
[2026-07-06 07:44:04,609][timm.models._builder][INFO] - Loading pretrained weights from Hugging Face hub (timm/mobilenetv3_large_100.ra_in1k)
[2026-07-06 07:44:04,886][httpx][INFO] - HTTP Request: HEAD https://huggingface.co/timm/mobilenetv3_large_100.ra_in1k/resolve/main/model.safetensors "HTTP/1.1 302 Found"
[2026-07-06 07:44:10,304][timm.models._hub][INFO] - [timm/mobilenetv3_large_100.ra_in1k] Safe alternative available for 'pytorch_model.bin' (as 'model.safetensors'). Loading weights using safetensors.
[2026-07-06 07:44:10,335][timm.models._builder][WARNING] - Unexpected keys (classifier.bias, classifier.weight, conv_head.bias, conv_head.weight) found while loading pretrained weights. This may be expected if model is being adapted.
[2026-07-06 07:44:10,521][__main__][INFO] - [rank: 0] Instantiating callbacks...
[2026-07-06 07:44:10,521][src.utils.instantiators][INFO] - [rank: 0] Instantiating callback <lightning.pytorch.callbacks.ModelCheckpoint>
[2026-07-06 07:44:10,524][src.utils.instantiators][INFO] - [rank: 0] Instantiating callback <lightning.pytorch.callbacks.EarlyStopping>
[2026-07-06 07:44:10,525][src.utils.instantiators][INFO] - [rank: 0] Instantiating callback <lightning.pytorch.callbacks.RichModelSummary>
[2026-07-06 07:44:10,526][src.utils.instantiators][INFO] - [rank: 0] Instantiating callback <lightning.pytorch.callbacks.RichProgressBar>
[2026-07-06 07:44:10,527][__main__][INFO] - [rank: 0] Instantiating loggers...
[2026-07-06 07:44:10,527][src.utils.instantiators][INFO] - [rank: 0] Instantiating logger <lightning.pytorch.loggers.tensorboard.TensorBoardLogger>
[2026-07-06 07:44:10,529][__main__][INFO] - [rank: 0] Instantiating trainer <lightning.pytorch.trainer.Trainer>
[2026-07-06 07:44:10,565][__main__][INFO] - [rank: 0] Logging hyperparameters!
[2026-07-06 07:44:10,629][__main__][INFO] - [rank: 0] Starting training!
[2026-07-06 08:02:54,554][__main__][INFO] - [rank: 0] Starting testing!
[2026-07-06 08:03:01,035][__main__][INFO] - [rank: 0] Best ckpt path: /root/shift-intensive-detector/logs/train/baseline/runs/2026-07-06_07-44-03/checkpoints/epoch_009.ckpt
[2026-07-06 08:03:01,037][src.utils.utils][INFO] - [rank: 0] Output dir: /root/shift-intensive-detector/logs/train/baseline/runs/2026-07-06_07-44-03
[2026-07-06 08:03:01,037][src.utils.utils][INFO] - [rank: 0] Metric name is None! Skipping metric value retrieval...
