CONFIG
тФЬтФАтФА data
тФВ   тФФтФАтФА augmentations:                                                                                                                          
тФВ       - _target_: torchvision.transforms.v2.RandomGrayscale                                                                                   
тФВ         p: 0.5                                                                                                                                
тФВ       - _target_: torchvision.transforms.v2.RandomPhotometricDistort                                                                          
тФВ         p: 0.1                                                                                                                                
тФВ       - _target_: torchvision.transforms.v2.RandomPerspective                                                                                 
тФВ         distortion_scale: 0.2                                                                                                                 
тФВ         p: 0.3                                                                                                                                
тФВ       _target_: src.data.cs_datamodule.CSDataModule                                                                                           
тФВ       _recursive_: false                                                                                                                      
тФВ       batch_size: 2                                                                                                                           
тФВ       num_workers: 4                                                                                                                          
тФВ       pin_memory: false                                                                                                                       
тФВ       persistent_workers: true                                                                                                                
тФВ       input_shape: 256                                                                                                                        
тФВ       train_images_path: /root/shift-intensive-detector/data//train/images                                                                    
тФВ       train_labels_path: /root/shift-intensive-detector/data//train/labels                                                                    
тФВ       val_images_path: /root/shift-intensive-detector/data//val/images                                                                        
тФВ       val_labels_path: /root/shift-intensive-detector/data//val/labels                                                                        
тФВ                                                                                                                                               
тФЬтФАтФА model
тФВ   тФФтФАтФА _target_: src.models.yolo_module.YoloLightningAdapter                                                                                   
тФВ       _recursive_: false                                                                                                                      
тФВ       model_name: yolov8n.pt                                                                                                                  
тФВ       imgsz: 256                                                                                                                              
тФВ       lr0: 0.01                                                                                                                               
тФВ       weight_decay: 0.0005                                                                                                                    
тФВ                                                                                                                                               
тФЬтФАтФА callbacks
тФВ   тФФтФАтФА model_checkpoint:                                                                                                                       
тФВ         _target_: lightning.pytorch.callbacks.ModelCheckpoint                                                                                 
тФВ         dirpath: /root/shift-intensive-detector/logs/train/no_exp/runs/2026-07-08_06-06-20/checkpoints                                        
тФВ         filename: epoch_{epoch:03d}                                                                                                           
тФВ         monitor: val/mAP50                                                                                                                    
тФВ         verbose: false                                                                                                                        
тФВ         save_last: true                                                                                                                       
тФВ         save_top_k: 1                                                                                                                         
тФВ         mode: max                                                                                                                             
тФВ         auto_insert_metric_name: false                                                                                                        
тФВ         save_weights_only: false                                                                                                              
тФВ         every_n_train_steps: null                                                                                                             
тФВ         train_time_interval: null                                                                                                             
тФВ         every_n_epochs: null                                                                                                                  
тФВ         save_on_train_epoch_end: null                                                                                                         
тФВ       early_stopping:                                                                                                                         
тФВ         _target_: lightning.pytorch.callbacks.EarlyStopping                                                                                   
тФВ         monitor: val/mAP50                                                                                                                    
тФВ         min_delta: 0.0                                                                                                                        
тФВ         patience: 100                                                                                                                         
тФВ         verbose: false                                                                                                                        
тФВ         mode: max                                                                                                                             
тФВ         strict: true                                                                                                                          
тФВ         check_finite: true                                                                                                                    
тФВ         stopping_threshold: null                                                                                                              
тФВ         divergence_threshold: null                                                                                                            
тФВ         check_on_train_epoch_end: null                                                                                                        
тФВ       model_summary:                                                                                                                          
тФВ         _target_: lightning.pytorch.callbacks.RichModelSummary                                                                                
тФВ         max_depth: -1                                                                                                                         
тФВ       rich_progress_bar:                                                                                                                      
тФВ         _target_: lightning.pytorch.callbacks.RichProgressBar                                                                                 
тФВ                                                                                                                                               
тФЬтФАтФА logger
тФВ   тФФтФАтФА tensorboard:                                                                                                                            
тФВ         _target_: lightning.pytorch.loggers.tensorboard.TensorBoardLogger                                                                     
тФВ         save_dir: /root/shift-intensive-detector/logs/train/no_exp/runs/2026-07-08_06-06-20/tensorboard/                                      
тФВ         name: null                                                                                                                            
тФВ         log_graph: true                                                                                                                       
тФВ         default_hp_metric: true                                                                                                               
тФВ         prefix: ''                                                                                                                            
тФВ                                                                                                                                               
тФЬтФАтФА trainer
тФВ   тФФтФАтФА _target_: lightning.pytorch.trainer.Trainer                                                                                             
тФВ       default_root_dir: /root/shift-intensive-detector/logs/train/no_exp/runs/2026-07-08_06-06-20                                             
тФВ       min_epochs: 1                                                                                                                           
тФВ       max_epochs: 10                                                                                                                          
тФВ       gradient_clip_val: 5.0                                                                                                                  
тФВ       gradient_clip_algorithm: norm                                                                                                           
тФВ       check_val_every_n_epoch: 1                                                                                                              
тФВ       log_every_n_steps: 5                                                                                                                    
тФВ       enable_model_summary: false                                                                                                             
тФВ       deterministic: false                                                                                                                    
тФВ       accelerator: gpu                                                                                                                        
тФВ       devices: 1                                                                                                                              
тФВ                                                                                                                                               
тФЬтФАтФА paths
тФВ   тФФтФАтФА root_dir: /root/shift-intensive-detector                                                                                                
тФВ       data_dir: /root/shift-intensive-detector/data/                                                                                          
тФВ       log_dir: /root/shift-intensive-detector/logs/                                                                                           
тФВ       output_dir: /root/shift-intensive-detector/logs/train/no_exp/runs/2026-07-08_06-06-20                                                   
тФВ       work_dir: /root/shift-intensive-detector                                                                                                
тФВ                                                                                                                                               
тФЬтФАтФА extras
тФВ   тФФтФАтФА ignore_warnings: false                                                                                                                  
тФВ       enforce_tags: true                                                                                                                      
тФВ       print_config: true                                                                                                                      
тФВ                                                                                                                                               
тФЬтФАтФА task_name
тФВ   тФФтФАтФА train                                                                                                                                   
тФЬтФАтФА experiment_name
тФВ   тФФтФАтФА no_exp                                                                                                                                  
тФЬтФАтФА tags
тФВ   тФФтФАтФА ['dev']                                                                                                                                 
тФЬтФАтФА train
тФВ   тФФтФАтФА True                                                                                                                                    
тФЬтФАтФА test
тФВ   тФФтФАтФА True                                                                                                                                    
тФЬтФАтФА ckpt_path
тФВ   тФФтФАтФА None                                                                                                                                    
тФЬтФАтФА seed
тФВ   тФФтФАтФА None                                                                                                                                    
тФФтФАтФА matmul_precision
    тФФтФАтФА medium                                                                                                                                  
