[2026-07-08 06:06:20,567][src.utils.utils][INFO] - [rank: 0] Enforcing tags! <cfg.extras.enforce_tags=True>
[2026-07-08 06:06:20,575][src.utils.utils][INFO] - [rank: 0] Printing config tree with Rich! <cfg.extras.print_config=True>
[2026-07-08 06:06:20,615][__main__][INFO] - [rank: 0] Instantiating datamodule <src.data.cs_datamodule.CSDataModule>
[2026-07-08 06:06:20,662][__main__][INFO] - [rank: 0] Instantiating model <src.models.yolo_module.YoloLightningAdapter>
[2026-07-08 06:06:20,663][src.utils.utils][ERROR] - [rank: 0] 
Traceback (most recent call last):
  File "/root/micromamba/envs/det-env/lib/python3.12/site-packages/hydra/_internal/utils.py", line 644, in _locate
    obj = getattr(obj, part)
          ^^^^^^^^^^^^^^^^^^
AttributeError: module 'src.models' has no attribute 'yolo_module'

During handling of the above exception, another exception occurred:

Traceback (most recent call last):
  File "/root/micromamba/envs/det-env/lib/python3.12/site-packages/hydra/_internal/utils.py", line 650, in _locate
    obj = import_module(mod)
          ^^^^^^^^^^^^^^^^^^
  File "/root/micromamba/envs/det-env/lib/python3.12/importlib/__init__.py", line 90, in import_module
    return _bootstrap._gcd_import(name[level:], package, level)
           ^^^^^^^^^^^^^^^^^^^^^^^^^^^^^^^^^^^^^^^^^^^^^^^^^^^^
  File "<frozen importlib._bootstrap>", line 1387, in _gcd_import
  File "<frozen importlib._bootstrap>", line 1360, in _find_and_load
  File "<frozen importlib._bootstrap>", line 1331, in _find_and_load_unlocked
  File "<frozen importlib._bootstrap>", line 935, in _load_unlocked
  File "<frozen importlib._bootstrap_external>", line 999, in exec_module
  File "<frozen importlib._bootstrap>", line 488, in _call_with_frames_removed
  File "/root/shift-intensive-detector/src/models/yolo_module.py", line 4, in <module>
    from ultralytics import YOLO
ModuleNotFoundError: No module named 'ultralytics'

The above exception was the direct cause of the following exception:

Traceback (most recent call last):
  File "/root/micromamba/envs/det-env/lib/python3.12/site-packages/hydra/_internal/instantiate/_instantiate2.py", line 134, in _resolve_target
    target = _locate(target)
             ^^^^^^^^^^^^^^^
  File "/root/micromamba/envs/det-env/lib/python3.12/site-packages/hydra/_internal/utils.py", line 653, in _locate
    raise ImportError(
ImportError: Error loading 'src.models.yolo_module.YoloLightningAdapter':
ModuleNotFoundError("No module named 'ultralytics'")
Are you sure that 'yolo_module' is importable from module 'src.models'?

The above exception was the direct cause of the following exception:

Traceback (most recent call last):
  File "/root/shift-intensive-detector/src/utils/utils.py", line 67, in wrap
    metric_dict, object_dict = task_func(cfg=cfg)
                               ^^^^^^^^^^^^^^^^^^
  File "/root/shift-intensive-detector/src/train.py", line 47, in train
    model: LightningModule = hydra.utils.instantiate(cfg.model)
                             ^^^^^^^^^^^^^^^^^^^^^^^^^^^^^^^^^^
  File "/root/micromamba/envs/det-env/lib/python3.12/site-packages/hydra/_internal/instantiate/_instantiate2.py", line 226, in instantiate
    return instantiate_node(
           ^^^^^^^^^^^^^^^^^
  File "/root/micromamba/envs/det-env/lib/python3.12/site-packages/hydra/_internal/instantiate/_instantiate2.py", line 333, in instantiate_node
    _target_ = _resolve_target(node.get(_Keys.TARGET), full_key)
               ^^^^^^^^^^^^^^^^^^^^^^^^^^^^^^^^^^^^^^^^^^^^^^^^^
  File "/root/micromamba/envs/det-env/lib/python3.12/site-packages/hydra/_internal/instantiate/_instantiate2.py", line 139, in _resolve_target
    raise InstantiationException(msg) from e
hydra.errors.InstantiationException: Error locating target 'src.models.yolo_module.YoloLightningAdapter', set env var HYDRA_FULL_ERROR=1 to see chained exception.
full_key: model
[2026-07-08 06:06:20,664][src.utils.utils][INFO] - [rank: 0] Output dir: /root/shift-intensive-detector/logs/train/no_exp/runs/2026-07-08_06-06-20
