[2026-07-08 06:30:35,215][src.utils.utils][INFO] - [rank: 0] Enforcing tags! <cfg.extras.enforce_tags=True>
[2026-07-08 06:30:35,219][src.utils.utils][INFO] - [rank: 0] Printing config tree with Rich! <cfg.extras.print_config=True>
[2026-07-08 06:30:35,333][__main__][INFO] - [rank: 0] Instantiating datamodule <src.data.cs_datamodule.CSDataModule>
[2026-07-08 06:30:35,344][__main__][INFO] - [rank: 0] Instantiating model <src.models.yolo_module.YoloLightningAdapter>
[2026-07-08 06:30:35,473][__main__][INFO] - [rank: 0] Instantiating callbacks...
[2026-07-08 06:30:35,473][src.utils.instantiators][INFO] - [rank: 0] Instantiating callback <lightning.pytorch.callbacks.ModelCheckpoint>
[2026-07-08 06:30:35,474][src.utils.instantiators][INFO] - [rank: 0] Instantiating callback <lightning.pytorch.callbacks.EarlyStopping>
[2026-07-08 06:30:35,475][src.utils.instantiators][INFO] - [rank: 0] Instantiating callback <lightning.pytorch.callbacks.RichModelSummary>
[2026-07-08 06:30:35,475][src.utils.instantiators][INFO] - [rank: 0] Instantiating callback <lightning.pytorch.callbacks.RichProgressBar>
[2026-07-08 06:30:35,475][__main__][INFO] - [rank: 0] Instantiating loggers...
[2026-07-08 06:30:35,475][src.utils.instantiators][INFO] - [rank: 0] Instantiating logger <lightning.pytorch.loggers.tensorboard.TensorBoardLogger>
[2026-07-08 06:30:35,477][__main__][INFO] - [rank: 0] Instantiating trainer <lightning.pytorch.trainer.Trainer>
[2026-07-08 06:30:35,508][__main__][INFO] - [rank: 0] Logging hyperparameters!
[2026-07-08 06:30:35,541][__main__][INFO] - [rank: 0] Starting training!
[2026-07-08 06:30:49,088][src.utils.utils][ERROR] - [rank: 0] 
Traceback (most recent call last):
  File "/root/shift-intensive-detector/src/utils/utils.py", line 67, in wrap
    metric_dict, object_dict = task_func(cfg=cfg)
                               ^^^^^^^^^^^^^^^^^^
  File "/root/shift-intensive-detector/src/train.py", line 78, in train
    trainer.fit(model=model, datamodule=datamodule, ckpt_path=cfg.get("ckpt_path"))
  File "/root/micromamba/envs/det-env/lib/python3.12/site-packages/lightning/pytorch/trainer/trainer.py", line 584, in fit
    call._call_and_handle_interrupt(
  File "/root/micromamba/envs/det-env/lib/python3.12/site-packages/lightning/pytorch/trainer/call.py", line 49, in _call_and_handle_interrupt
    return trainer_fn(*args, **kwargs)
           ^^^^^^^^^^^^^^^^^^^^^^^^^^^
  File "/root/micromamba/envs/det-env/lib/python3.12/site-packages/lightning/pytorch/trainer/trainer.py", line 630, in _fit_impl
    self._run(model, ckpt_path=ckpt_path, weights_only=weights_only)
  File "/root/micromamba/envs/det-env/lib/python3.12/site-packages/lightning/pytorch/trainer/trainer.py", line 1058, in _run
    call._call_lightning_module_hook(self, "on_fit_start")
  File "/root/micromamba/envs/det-env/lib/python3.12/site-packages/lightning/pytorch/trainer/call.py", line 177, in _call_lightning_module_hook
    output = fn(*args, **kwargs)
             ^^^^^^^^^^^^^^^^^^^
  File "/root/shift-intensive-detector/src/models/yolo_module.py", line 61, in on_fit_start
    self.yolo_model.train(**yolo_args)
  File "/root/micromamba/envs/det-env/lib/python3.12/site-packages/ultralytics/engine/model.py", line 814, in train
    self.trainer.train()
  File "/root/micromamba/envs/det-env/lib/python3.12/site-packages/ultralytics/engine/trainer.py", line 241, in train
    self._do_train()
  File "/root/micromamba/envs/det-env/lib/python3.12/site-packages/ultralytics/engine/trainer.py", line 549, in _do_train
    self.metrics, self.fitness = self.validate()
                                 ^^^^^^^^^^^^^^^
  File "/root/micromamba/envs/det-env/lib/python3.12/site-packages/ultralytics/engine/trainer.py", line 811, in validate
    metrics = self.validator(self)
              ^^^^^^^^^^^^^^^^^^^^
  File "/root/micromamba/envs/det-env/lib/python3.12/site-packages/torch/utils/_contextlib.py", line 116, in decorate_context
    return func(*args, **kwargs)
           ^^^^^^^^^^^^^^^^^^^^^
  File "/root/micromamba/envs/det-env/lib/python3.12/site-packages/ultralytics/engine/validator.py", line 264, in __call__
    stats = self.get_stats()
            ^^^^^^^^^^^^^^^^
  File "/root/micromamba/envs/det-env/lib/python3.12/site-packages/ultralytics/models/yolo/detect/val.py", line 278, in get_stats
    self.metrics.process(save_dir=self.save_dir, plot=self.args.plots, on_plot=self.on_plot)
  File "/root/micromamba/envs/det-env/lib/python3.12/site-packages/ultralytics/utils/metrics.py", line 1163, in process
    results = ap_per_class(
              ^^^^^^^^^^^^^
  File "/root/micromamba/envs/det-env/lib/python3.12/site-packages/ultralytics/utils/metrics.py", line 878, in ap_per_class
    names = {i: names[k] for i, k in enumerate(unique_classes) if k in names}  # dict: only classes that have data
                                                                  ^^^^^^^^^^
TypeError: 'in <string>' requires string as left operand, not numpy.float32
[2026-07-08 06:30:49,092][src.utils.utils][INFO] - [rank: 0] Output dir: /root/shift-intensive-detector/logs/train/no_exp/runs/2026-07-08_06-30-35
