[2026-07-08 07:01:58,916][src.utils.utils][INFO] - [rank: 0] Enforcing tags! <cfg.extras.enforce_tags=True>
[2026-07-08 07:01:58,920][src.utils.utils][INFO] - [rank: 0] Printing config tree with Rich! <cfg.extras.print_config=True>
[2026-07-08 07:01:59,036][__main__][INFO] - [rank: 0] Instantiating datamodule <src.data.cs_datamodule.CSDataModule>
[2026-07-08 07:01:59,047][__main__][INFO] - [rank: 0] Instantiating model <src.models.yolo_module.YoloLightningAdapter>
[2026-07-08 07:01:59,178][__main__][INFO] - [rank: 0] Instantiating callbacks...
[2026-07-08 07:01:59,178][src.utils.instantiators][INFO] - [rank: 0] Instantiating callback <lightning.pytorch.callbacks.ModelCheckpoint>
[2026-07-08 07:01:59,180][src.utils.instantiators][INFO] - [rank: 0] Instantiating callback <lightning.pytorch.callbacks.EarlyStopping>
[2026-07-08 07:01:59,181][src.utils.instantiators][INFO] - [rank: 0] Instantiating callback <lightning.pytorch.callbacks.RichModelSummary>
[2026-07-08 07:01:59,181][src.utils.instantiators][INFO] - [rank: 0] Instantiating callback <lightning.pytorch.callbacks.RichProgressBar>
[2026-07-08 07:01:59,181][__main__][INFO] - [rank: 0] Instantiating loggers...
[2026-07-08 07:01:59,181][src.utils.instantiators][INFO] - [rank: 0] Instantiating logger <lightning.pytorch.loggers.tensorboard.TensorBoardLogger>
[2026-07-08 07:01:59,182][__main__][INFO] - [rank: 0] Instantiating trainer <lightning.pytorch.trainer.Trainer>
[2026-07-08 07:01:59,214][__main__][INFO] - [rank: 0] Logging hyperparameters!
[2026-07-08 07:01:59,247][__main__][INFO] - [rank: 0] Starting training!
[2026-07-08 07:04:25,864][__main__][INFO] - [rank: 0] Starting testing!
[2026-07-08 07:04:26,225][src.utils.utils][ERROR] - [rank: 0] 
Traceback (most recent call last):
  File "/root/shift-intensive-detector/src/utils/utils.py", line 67, in wrap
    metric_dict, object_dict = task_func(cfg=cfg)
                               ^^^^^^^^^^^^^^^^^^
  File "/root/shift-intensive-detector/src/train.py", line 93, in train
    trainer.test(
  File "/root/micromamba/envs/det-env/lib/python3.12/site-packages/lightning/pytorch/trainer/trainer.py", line 821, in test
    return call._call_and_handle_interrupt(
           ^^^^^^^^^^^^^^^^^^^^^^^^^^^^^^^^
  File "/root/micromamba/envs/det-env/lib/python3.12/site-packages/lightning/pytorch/trainer/call.py", line 49, in _call_and_handle_interrupt
    return trainer_fn(*args, **kwargs)
           ^^^^^^^^^^^^^^^^^^^^^^^^^^^
  File "/root/micromamba/envs/det-env/lib/python3.12/site-packages/lightning/pytorch/trainer/trainer.py", line 864, in _test_impl
    results = self._run(model, ckpt_path=ckpt_path, weights_only=weights_only)
              ^^^^^^^^^^^^^^^^^^^^^^^^^^^^^^^^^^^^^^^^^^^^^^^^^^^^^^^^^^^^^^^^
  File "/root/micromamba/envs/det-env/lib/python3.12/site-packages/lightning/pytorch/trainer/trainer.py", line 1079, in _run
    results = self._run_stage()
              ^^^^^^^^^^^^^^^^^
  File "/root/micromamba/envs/det-env/lib/python3.12/site-packages/lightning/pytorch/trainer/trainer.py", line 1116, in _run_stage
    return self._evaluation_loop.run()
           ^^^^^^^^^^^^^^^^^^^^^^^^^^^
  File "/root/micromamba/envs/det-env/lib/python3.12/site-packages/lightning/pytorch/loops/utilities.py", line 179, in _decorator
    return loop_run(self, *args, **kwargs)
           ^^^^^^^^^^^^^^^^^^^^^^^^^^^^^^^
  File "/root/micromamba/envs/det-env/lib/python3.12/site-packages/lightning/pytorch/loops/evaluation_loop.py", line 125, in run
    self.on_run_start()
  File "/root/micromamba/envs/det-env/lib/python3.12/site-packages/lightning/pytorch/loops/evaluation_loop.py", line 285, in on_run_start
    self._on_evaluation_model_eval()
  File "/root/micromamba/envs/det-env/lib/python3.12/site-packages/lightning/pytorch/loops/evaluation_loop.py", line 343, in _on_evaluation_model_eval
    call._call_lightning_module_hook(trainer, hook_name)
  File "/root/micromamba/envs/det-env/lib/python3.12/site-packages/lightning/pytorch/trainer/call.py", line 177, in _call_lightning_module_hook
    output = fn(*args, **kwargs)
             ^^^^^^^^^^^^^^^^^^^
  File "/root/micromamba/envs/det-env/lib/python3.12/site-packages/lightning/pytorch/core/hooks.py", line 190, in on_test_model_eval
    self.trainer.model.eval()
  File "/root/micromamba/envs/det-env/lib/python3.12/site-packages/torch/nn/modules/module.py", line 2865, in eval
    return self.train(False)
           ^^^^^^^^^^^^^^^^^
  File "/root/micromamba/envs/det-env/lib/python3.12/site-packages/torch/nn/modules/module.py", line 2846, in train
    module.train(mode)
  File "/root/micromamba/envs/det-env/lib/python3.12/site-packages/ultralytics/engine/model.py", line 776, in train
    "model": self.overrides["model"],
             ~~~~~~~~~~~~~~^^^^^^^^^
KeyError: 'model'
[2026-07-08 07:04:26,227][src.utils.utils][INFO] - [rank: 0] Output dir: /root/shift-intensive-detector/logs/train/yolo/runs/2026-07-08_07-01-58
