[2026-07-06 09:40:50,762][src.utils.utils][INFO] - [rank: 0] Enforcing tags! <cfg.extras.enforce_tags=True>
[2026-07-06 09:40:50,769][src.utils.utils][INFO] - [rank: 0] Printing config tree with Rich! <cfg.extras.print_config=True>
[2026-07-06 09:40:50,832][__main__][INFO] - [rank: 0] Instantiating datamodule <src.data.cs_datamodule.CSDataModule>
[2026-07-06 09:40:50,852][__main__][INFO] - [rank: 0] Instantiating model <src.models.detection_module.DetectionLitModel>
[2026-07-06 09:40:52,369][timm.models._builder][INFO] - Loading pretrained weights from Hugging Face hub (timm/efficientnet_b5.sw_in12k_ft_in1k)
[2026-07-06 09:40:52,624][httpx][INFO] - HTTP Request: HEAD https://huggingface.co/timm/efficientnet_b5.sw_in12k_ft_in1k/resolve/main/model.safetensors "HTTP/1.1 302 Found"
[2026-07-06 09:41:04,678][timm.models._hub][INFO] - [timm/efficientnet_b5.sw_in12k_ft_in1k] Safe alternative available for 'pytorch_model.bin' (as 'model.safetensors'). Loading weights using safetensors.
[2026-07-06 09:41:04,767][timm.models._builder][WARNING] - Unexpected keys (bn2.num_batches_tracked, bn2.bias, bn2.running_mean, bn2.running_var, bn2.weight, classifier.bias, classifier.weight, conv_head.weight) found while loading pretrained weights. This may be expected if model is being adapted.
[2026-07-06 09:41:04,967][__main__][INFO] - [rank: 0] Instantiating callbacks...
[2026-07-06 09:41:04,968][src.utils.instantiators][INFO] - [rank: 0] Instantiating callback <lightning.pytorch.callbacks.ModelCheckpoint>
[2026-07-06 09:41:04,971][src.utils.instantiators][INFO] - [rank: 0] Instantiating callback <lightning.pytorch.callbacks.EarlyStopping>
[2026-07-06 09:41:04,972][src.utils.instantiators][INFO] - [rank: 0] Instantiating callback <lightning.pytorch.callbacks.RichModelSummary>
[2026-07-06 09:41:04,972][src.utils.instantiators][INFO] - [rank: 0] Instantiating callback <lightning.pytorch.callbacks.RichProgressBar>
[2026-07-06 09:41:04,973][__main__][INFO] - [rank: 0] Instantiating loggers...
[2026-07-06 09:41:04,973][src.utils.instantiators][INFO] - [rank: 0] Instantiating logger <lightning.pytorch.loggers.tensorboard.TensorBoardLogger>
[2026-07-06 09:41:04,975][__main__][INFO] - [rank: 0] Instantiating trainer <lightning.pytorch.trainer.Trainer>
[2026-07-06 09:41:05,016][__main__][INFO] - [rank: 0] Logging hyperparameters!
[2026-07-06 09:41:05,081][__main__][INFO] - [rank: 0] Starting training!
[2026-07-06 10:12:25,572][__main__][INFO] - [rank: 0] Starting testing!
[2026-07-06 10:12:34,897][__main__][INFO] - [rank: 0] Best ckpt path: /root/shift-intensive-detector/logs/train/lr_down_efficientnet_b5/runs/2026-07-06_09-40-50/checkpoints/epoch_005.ckpt
[2026-07-06 10:12:34,899][src.utils.utils][INFO] - [rank: 0] Output dir: /root/shift-intensive-detector/logs/train/lr_down_efficientnet_b5/runs/2026-07-06_09-40-50
[2026-07-06 10:12:34,900][src.utils.utils][INFO] - [rank: 0] Metric name is None! Skipping metric value retrieval...
