[2026-07-08 06:56:47,756][src.utils.utils][INFO] - [rank: 0] Enforcing tags! <cfg.extras.enforce_tags=True>
[2026-07-08 06:56:47,848][src.utils.utils][INFO] - [rank: 0] Printing config tree with Rich! <cfg.extras.print_config=True>
[2026-07-08 06:56:47,876][__main__][INFO] - [rank: 0] Instantiating datamodule <src.data.cs_datamodule.CSDataModule>
[2026-07-08 06:56:47,887][__main__][INFO] - [rank: 0] Instantiating model <src.models.yolo_module.YoloLightningAdapter>
[2026-07-08 06:56:48,020][__main__][INFO] - [rank: 0] Instantiating callbacks...
[2026-07-08 06:56:48,020][src.utils.instantiators][INFO] - [rank: 0] Instantiating callback <lightning.pytorch.callbacks.ModelCheckpoint>
[2026-07-08 06:56:48,022][src.utils.instantiators][INFO] - [rank: 0] Instantiating callback <lightning.pytorch.callbacks.EarlyStopping>
[2026-07-08 06:56:48,023][src.utils.instantiators][INFO] - [rank: 0] Instantiating callback <lightning.pytorch.callbacks.RichModelSummary>
[2026-07-08 06:56:48,023][src.utils.instantiators][INFO] - [rank: 0] Instantiating callback <lightning.pytorch.callbacks.RichProgressBar>
[2026-07-08 06:56:48,023][__main__][INFO] - [rank: 0] Instantiating loggers...
[2026-07-08 06:56:48,023][src.utils.instantiators][INFO] - [rank: 0] Instantiating logger <lightning.pytorch.loggers.tensorboard.TensorBoardLogger>
[2026-07-08 06:56:48,024][__main__][INFO] - [rank: 0] Instantiating trainer <lightning.pytorch.trainer.Trainer>
[2026-07-08 06:56:48,056][__main__][INFO] - [rank: 0] Logging hyperparameters!
[2026-07-08 06:56:48,089][__main__][INFO] - [rank: 0] Starting training!
[2026-07-08 06:58:34,116][__main__][INFO] - [rank: 0] Starting testing!
[2026-07-08 06:58:34,119][src.utils.utils][ERROR] - [rank: 0] 
Traceback (most recent call last):
  File "/root/shift-intensive-detector/src/utils/utils.py", line 67, in wrap
    metric_dict, object_dict = task_func(cfg=cfg)
                               ^^^^^^^^^^^^^^^^^^
  File "/root/shift-intensive-detector/src/train.py", line 93, in train
    trainer.test(
  File "/root/micromamba/envs/det-env/lib/python3.12/site-packages/lightning/pytorch/trainer/trainer.py", line 821, in test
    return call._call_and_handle_interrupt(
           ^^^^^^^^^^^^^^^^^^^^^^^^^^^^^^^^
  File "/root/micromamba/envs/det-env/lib/python3.12/site-packages/lightning/pytorch/trainer/call.py", line 49, in _call_and_handle_interrupt
    return trainer_fn(*args, **kwargs)
           ^^^^^^^^^^^^^^^^^^^^^^^^^^^
  File "/root/micromamba/envs/det-env/lib/python3.12/site-packages/lightning/pytorch/trainer/trainer.py", line 864, in _test_impl
    results = self._run(model, ckpt_path=ckpt_path, weights_only=weights_only)
              ^^^^^^^^^^^^^^^^^^^^^^^^^^^^^^^^^^^^^^^^^^^^^^^^^^^^^^^^^^^^^^^^
  File "/root/micromamba/envs/det-env/lib/python3.12/site-packages/lightning/pytorch/trainer/trainer.py", line 1027, in _run
    _verify_loop_configurations(self)
  File "/root/micromamba/envs/det-env/lib/python3.12/site-packages/lightning/pytorch/trainer/configuration_validator.py", line 41, in _verify_loop_configurations
    __verify_eval_loop_configuration(model, "test")
  File "/root/micromamba/envs/det-env/lib/python3.12/site-packages/lightning/pytorch/trainer/configuration_validator.py", line 106, in __verify_eval_loop_configuration
    raise MisconfigurationException(f"No `{step_name}()` method defined to run `Trainer.{trainer_method}`.")
lightning.fabric.utilities.exceptions.MisconfigurationException: No `test_step()` method defined to run `Trainer.test`.
[2026-07-08 06:58:34,121][src.utils.utils][INFO] - [rank: 0] Output dir: /root/shift-intensive-detector/logs/train/yolo/runs/2026-07-08_06-56-47
